<?xml version="1.0" encoding="UTF-8"?>
<testsuite xmlns:xsi="http://www.w3.org/2001/XMLSchema-instance" xsi:noNamespaceSchemaLocation="https://maven.apache.org/surefire/maven-surefire-plugin/xsd/surefire-test-report.xsd" version="3.0.2" name="com.trabajosspring.app.TrabajosSpringApplicationTests" time="6.15" tests="1" errors="0" skipped="0" failures="0" flakes="0">
  <properties>
[...]
</properties>
  <testcase name="contextLoads" classname="com.trabajosspring.app.TrabajosSpringApplicationTests" time="0.388">
    <system-out><![CDATA[21:48:03.660 [main] INFO org.springframework.test.context.support.AnnotationConfigContextLoaderUtils -- Could not detect default configuration classes for test class [com.trabajosspring.app.TrabajosSpringApplicationTests]: TrabajosSpringApplicationTests does not declare any static, non-private, non-final, nested classes annotated with @Configuration.
21:48:03.771 [main] INFO org.springframework.boot.test.context.SpringBootTestContextBootstrapper -- Found @SpringBootConfiguration com.trabajosspring.app.TrabajosSpringApplication for test class com.trabajosspring.app.TrabajosSpringApplicationTests
21:48:03.865 [main] INFO org.springframework.test.context.support.AnnotationConfigContextLoaderUtils -- Could not detect default configuration classes for test class [com.trabajosspring.app.TrabajosSpringApplicationTests]: TrabajosSpringApplicationTests does not declare any static, non-private, non-final, nested classes annotated with @Configuration.
21:48:03.867 [main] INFO org.springframework.boot.test.context.SpringBootTestContextBootstrapper -- Found @SpringBootConfiguration com.trabajosspring.app.TrabajosSpringApplication for test class com.trabajosspring.app.TrabajosSpringApplicationTests
21:48:03.960 [main] INFO org.springframework.boot.devtools.restart.RestartApplicationListener -- Restart disabled due to context in which it is running

  .   ____          _            __ _ _
 /\\ / ___'_ __ _ _(_)_ __  __ _ \ \ \ \
( ( )\___ | '_ | '_| | '_ \/ _` | \ \ \ \
 \\/  ___)| |_)| | | | | || (_| |  ) ) ) )
  '  |____| .__|_| |_|_| |_\__, | / / / /
 =========|_|==============|___/=/_/_/_/

 :: Spring Boot ::                (v4.0.6)

2026-05-22T21:48:04.234-05:00  INFO 16476 --- [TrabajosSpring] [           main] c.t.app.TrabajosSpringApplicationTests   : Starting TrabajosSpringApplicationTests using Java 25.0.2 with PID 16476 (started by Sebastian in C:\TrabajosSpring\TrabajosSpring)
2026-05-22T21:48:04.236-05:00  INFO 16476 --- [TrabajosSpring] [           main] c.t.app.TrabajosSpringApplicationTests   : No active profile set, falling back to 1 default profile: "default"
2026-05-22T21:48:05.080-05:00  INFO 16476 --- [TrabajosSpring] [           main] .s.d.r.c.RepositoryConfigurationDelegate : Bootstrapping Spring Data JPA repositories in DEFAULT mode.
2026-05-22T21:48:05.148-05:00  INFO 16476 --- [TrabajosSpring] [           main] .s.d.r.c.RepositoryConfigurationDelegate : Finished Spring Data repository scanning in 58 ms. Found 5 JPA repository interfaces.
2026-05-22T21:48:05.582-05:00  INFO 16476 --- [TrabajosSpring] [           main] org.hibernate.orm.jpa                    : HHH008540: Processing PersistenceUnitInfo [name: default]
2026-05-22T21:48:05.634-05:00  INFO 16476 --- [TrabajosSpring] [           main] org.hibernate.orm.core                   : HHH000001: Hibernate ORM core version 7.2.12.Final
2026-05-22T21:48:06.232-05:00  INFO 16476 --- [TrabajosSpring] [           main] o.s.o.j.p.SpringPersistenceUnitInfo      : No LoadTimeWeaver setup: ignoring JPA class transformer
2026-05-22T21:48:06.263-05:00  INFO 16476 --- [TrabajosSpring] [           main] com.zaxxer.hikari.HikariDataSource       : HikariPool-1 - Starting...
2026-05-22T21:48:06.467-05:00  INFO 16476 --- [TrabajosSpring] [           main] com.zaxxer.hikari.pool.HikariPool        : HikariPool-1 - Added connection com.mysql.cj.jdbc.ConnectionImpl@16e5344c
2026-05-22T21:48:06.469-05:00  INFO 16476 --- [TrabajosSpring] [           main] com.zaxxer.hikari.HikariDataSource       : HikariPool-1 - Start completed.
2026-05-22T21:48:06.538-05:00  WARN 16476 --- [TrabajosSpring] [           main] org.hibernate.orm.deprecation            : HHH90000025: MySQLDialect does not need to be specified explicitly using 'hibernate.dialect' (remove the property setting and it will be selected by default)
2026-05-22T21:48:06.556-05:00  INFO 16476 --- [TrabajosSpring] [           main] org.hibernate.orm.connections.pooling    : HHH10001005: Database info:
	Database JDBC URL [jdbc:mysql://localhost:3306/clubes_db?useSSL=false&serverTimezone=UTC&allowPublicKeyRetrieval=true]
	Database driver: MySQL Connector/J
	Database dialect: MySQLDialect
	Database version: 8.0.46
	Default catalog/schema: clubes_db/undefined
	Autocommit mode: undefined/unknown
	Isolation level: REPEATABLE_READ [default REPEATABLE_READ]
	JDBC fetch size: none
	Pool: DataSourceConnectionProvider
	Minimum pool size: undefined/unknown
	Maximum pool size: undefined/unknown
2026-05-22T21:48:07.527-05:00  INFO 16476 --- [TrabajosSpring] [           main] org.hibernate.orm.core                   : HHH000489: No JTA platform available (set 'hibernate.transaction.jta.platform' to enable JTA platform integration)
Hibernate: alter table club_competicion drop foreign key FKrq56s8st9bfvgmhr932n9jm29
Hibernate: alter table club_competicion drop foreign key FK49lj5v8ms7w27xbalu5vikamh
Hibernate: alter table clubes drop foreign key FKqo3djd5oghqqdc4lgbsbo2s5s
Hibernate: alter table clubes drop foreign key FKsq1qkhct2xelr1wjuyrv8kn0t
Hibernate: alter table jugadores drop foreign key FKe89mslunsev7970mntmdokjyx
Hibernate: drop table if exists asociaciones
Hibernate: drop table if exists club_competicion
Hibernate: drop table if exists clubes
Hibernate: drop table if exists competiciones
Hibernate: drop table if exists entrenadores
Hibernate: drop table if exists jugadores
Hibernate: create table asociaciones (id bigint not null auto_increment, nombre varchar(255), pais varchar(255), presidente varchar(255), primary key (id)) engine=InnoDB
Hibernate: create table club_competicion (club_id bigint not null, competicion_id bigint not null) engine=InnoDB
Hibernate: create table clubes (anio_fundacion integer not null, asociacion_id bigint, entrenador_id bigint, id bigint not null auto_increment, ciudad varchar(255), nombre varchar(255), primary key (id)) engine=InnoDB
Hibernate: create table competiciones (fecha_fin date, fecha_inicio date, monto_premio integer not null, id bigint not null auto_increment, nombre varchar(255), primary key (id)) engine=InnoDB
Hibernate: create table entrenadores (edad integer not null, id bigint not null auto_increment, apellido varchar(255), nacionalidad varchar(255), nombre varchar(255), primary key (id)) engine=InnoDB
Hibernate: create table jugadores (numero integer not null, id bigint not null auto_increment, id_club bigint, apellido varchar(255), nombre varchar(255), posicion varchar(255), primary key (id)) engine=InnoDB
Hibernate: alter table clubes add constraint UK6gq7e1il2l0gbwes6ele61h0t unique (entrenador_id)
Hibernate: alter table club_competicion add constraint FKrq56s8st9bfvgmhr932n9jm29 foreign key (competicion_id) references competiciones (id)
Hibernate: alter table club_competicion add constraint FK49lj5v8ms7w27xbalu5vikamh foreign key (club_id) references clubes (id)
Hibernate: alter table clubes add constraint FKqo3djd5oghqqdc4lgbsbo2s5s foreign key (asociacion_id) references asociaciones (id)
Hibernate: alter table clubes add constraint FKsq1qkhct2xelr1wjuyrv8kn0t foreign key (entrenador_id) references entrenadores (id)
Hibernate: alter table jugadores add constraint FKe89mslunsev7970mntmdokjyx foreign key (id_club) references clubes (id)
2026-05-22T21:48:08.337-05:00  INFO 16476 --- [TrabajosSpring] [           main] j.LocalContainerEntityManagerFactoryBean : Initialized JPA EntityManagerFactory for persistence unit 'default'
2026-05-22T21:48:08.423-05:00  INFO 16476 --- [TrabajosSpring] [           main] o.s.d.j.r.query.QueryEnhancerFactories   : Hibernate is in classpath; If applicable, HQL parser will be used.
2026-05-22T21:48:08.673-05:00  WARN 16476 --- [TrabajosSpring] [           main] JpaBaseConfiguration$JpaWebConfiguration : spring.jpa.open-in-view is enabled by default. Therefore, database queries may be performed during view rendering. Explicitly configure spring.jpa.open-in-view to disable this warning
2026-05-22T21:48:08.698-05:00  INFO 16476 --- [TrabajosSpring] [           main] o.s.b.w.a.WelcomePageHandlerMapping      : Adding welcome page template: index
2026-05-22T21:48:09.211-05:00  INFO 16476 --- [TrabajosSpring] [           main] c.t.app.TrabajosSpringApplicationTests   : Started TrabajosSpringApplicationTests in 5.265 seconds (process running for 6.422)
]]></system-out>
    <system-err><![CDATA[Mockito is currently self-attaching to enable the inline-mock-maker. This will no longer work in future releases of the JDK. Please add Mockito as an agent to your build as described in Mockito's documentation: https://javadoc.io/doc/org.mockito/mockito-core/latest/org.mockito/org/mockito/Mockito.html#0.3
WARNING: A Java agent has been loaded dynamically (C:\Users\Sebastian\.m2\repository\net\bytebuddy\byte-buddy-agent\1.17.8\byte-buddy-agent-1.17.8.jar)
WARNING: If a serviceability tool is in use, please run with -XX:+EnableDynamicAgentLoading to hide this warning
WARNING: If a serviceability tool is not in use, please run with -Djdk.instrument.traceUsage for more information
WARNING: Dynamic loading of agents will be disallowed by default in a future release
]]></system-err>
  </testcase>
</testsuite>